<?xml version="1.0" encoding="UTF-8"?>
<testsuite xmlns:xsi="http://www.w3.org/2001/XMLSchema-instance" xsi:noNamespaceSchemaLocation="https://maven.apache.org/surefire/maven-surefire-plugin/xsd/surefire-test-report-3.0.xsd" version="3.0" name="ParsingTest" time="0.125" tests="16" errors="0" skipped="0" failures="0">
  <properties>
[...]
</properties>
  <testcase name="testCheckOperator(String, String)[1]" classname="ParsingTest" time="0"/>
  <testcase name="testCheckOperator(String, String)[2]" classname="ParsingTest" time="0"/>
  <testcase name="testCheckOperator(String, String)[3]" classname="ParsingTest" time="0"/>
  <testcase name="testCheckOperator(String, String)[4]" classname="ParsingTest" time="0"/>
  <testcase name="testCheckOperator(String, String)[5]" classname="ParsingTest" time="0">
    <system-out><![CDATA[You entered an invalid operator
]]></system-out>
  </testcase>
  <testcase name="testCheckOperator(String, String)[6]" classname="ParsingTest" time="0">
    <system-out><![CDATA[You entered an invalid operator
]]></system-out>
  </testcase>
  <testcase name="testCheckOperator(String, String)[7]" classname="ParsingTest" time="0.015">
    <system-out><![CDATA[You entered an invalid operator
]]></system-out>
  </testcase>
  <testcase name="testInvalidNumber(String)[1]" classname="ParsingTest" time="0">
    <system-out><![CDATA[You enter not a number!
]]></system-out>
  </testcase>
  <testcase name="testInvalidNumber(String)[2]" classname="ParsingTest" time="0">
    <system-out><![CDATA[You enter not a number!
]]></system-out>
  </testcase>
  <testcase name="testInvalidNumber(String)[3]" classname="ParsingTest" time="0.016">
    <system-out><![CDATA[You enter not a number!
]]></system-out>
  </testcase>
  <testcase name="testInvalidNumber(String)[4]" classname="ParsingTest" time="0">
    <system-out><![CDATA[You enter not a number!
]]></system-out>
  </testcase>
  <testcase name="testOverflow" classname="ParsingTest" time="0"/>
  <testcase name="testValidNumber(String, double)[1]" classname="ParsingTest" time="0.015"/>
  <testcase name="testValidNumber(String, double)[2]" classname="ParsingTest" time="0"/>
  <testcase name="testValidNumber(String, double)[3]" classname="ParsingTest" time="0"/>
  <testcase name="testValidNumber(String, double)[4]" classname="ParsingTest" time="0.016"/>
</testsuite>