<?xml version="1.0" encoding="UTF-8"?>
<testsuite xmlns:xsi="http://www.w3.org/2001/XMLSchema-instance" xsi:noNamespaceSchemaLocation="https://maven.apache.org/surefire/maven-surefire-plugin/xsd/surefire-test-report-3.0.xsd" version="3.0" name="ATcourse.RunCucumberTest" time="58.757" tests="7" errors="1" skipped="0" failures="6">
  <properties>
[...]
</properties>
  <testcase name="Opening the auto menu" classname="Testing the dropdowns for auto and flat" time="9.866">
    <error message="The step &quot;The dropdown menu has appeared that displays &quot;&lt;categories_for_auto&gt;&quot; - division by price, by city and brand&quot; is undefined. You can implement it using the snippet(s) below:&#10;&#10;@Then(&quot;The dropdown menu has appeared that displays {string} - division by price, by city and brand&quot;)&#10;public void the_dropdown_menu_has_appeared_that_displays_division_by_price_by_city_and_brand(String string) {&#10;    // Write code here that turns the phrase above into concrete actions&#10;    throw new io.cucumber.java.PendingException();&#10;}&#10;" type="io.cucumber.junit.UndefinedStepException"><![CDATA[io.cucumber.junit.UndefinedStepException: 
The step "The dropdown menu has appeared that displays "<categories_for_auto>" - division by price, by city and brand" is undefined. You can implement it using the snippet(s) below:

@Then("The dropdown menu has appeared that displays {string} - division by price, by city and brand")
public void the_dropdown_menu_has_appeared_that_displays_division_by_price_by_city_and_brand(String string) {
    // Write code here that turns the phrase above into concrete actions
    throw new io.cucumber.java.PendingException();
}

]]></error>
    <system-out><![CDATA[
@auto
Scenario: Opening the auto menu                                                                                    &amp#27;[90m# ATcourse/dropdowns.feature:3&amp#27;[0m
  &amp#27;[32mGiven &amp#27;[0m&amp#27;[32mThe site &amp#27;[0m&amp#27;[32m&amp#27;[1m"https://onliner.by"&amp#27;[0m&amp#27;[32m is open&amp#27;[0m                                                                      &amp#27;[90m# ATcourse.StepDefinitions.the_site_is_open(java.lang.String)&amp#27;[0m
  &amp#27;[32mWhen &amp#27;[0m&amp#27;[32mThe cursor is on the auto menu&amp#27;[0m                                                                              &amp#27;[90m# ATcourse.StepDefinitions.the_cursor_is_on_the_auto_menu()&amp#27;[0m
  &amp#27;[33mThen &amp#27;[0m&amp#27;[33mThe dropdown menu has appeared that displays "<categories_for_auto>" - division by price, by city and brand&amp#27;[0m &amp#27;[90m# null&amp#27;[0m
]]></system-out>
    <system-err><![CDATA[SLF4J: No SLF4J providers were found.
SLF4J: Defaulting to no-operation (NOP) logger implementation
SLF4J: See https://www.slf4j.org/codes.html#noProviders for further details.
Starting ChromeDriver 109.0.5414.74 (e7c5703604daa9cc128ccf5a5d3e993513758913-refs/branch-heads/5414@{#1172}) on port 32157
Only local connections are allowed.
Please see https://chromedriver.chromium.org/security-considerations for suggestions on keeping ChromeDriver safe.
ChromeDriver was started successfully.
Jan 24, 2023 8:20:09 PM org.openqa.selenium.devtools.CdpVersionFinder findNearestMatch
WARNING: Unable to find an exact match for CDP version 109, so returning the closest version found: 108
]]></system-err>
  </testcase>
  <testcase name="Opening the flat menu #1" classname="Testing the dropdowns for auto and flat" time="9.06">
    <failure message="Element should have text &quot;Минск&quot; {By.xpath: //span[contains(@class,&apos;navigation__dropdown-advert-sign&apos;)]}&#10;Element: &apos;&lt;span class=&quot;b-main-navigation__dropdown-advert-sign&quot; displayed:false&gt;&lt;/span&gt;&apos;&#10;Actual value: text=&quot;&quot;&#10;Screenshot: file:/C:/%5BALL%5D/JavaSv/ForGit/ForGithub/Cucumber/build/reports/tests/1674588023021.0.png&#10;Page source: file:/C:/%5BALL%5D/JavaSv/ForGit/ForGithub/Cucumber/build/reports/tests/1674588023021.0.html&#10;Timeout: 4 s." type="com.codeborne.selenide.ex.ElementShould"><![CDATA[com.codeborne.selenide.ex.ElementShould: 
Element should have text "Минск" {By.xpath: //span[contains(@class,'navigation__dropdown-advert-sign')]}
Element: '<span class="b-main-navigation__dropdown-advert-sign" displayed:false></span>'
Actual value: text=""
Screenshot: file:/C:/%5BALL%5D/JavaSv/ForGit/ForGithub/Cucumber/build/reports/tests/1674588023021.0.png
Page source: file:/C:/%5BALL%5D/JavaSv/ForGit/ForGithub/Cucumber/build/reports/tests/1674588023021.0.html
Timeout: 4 s.
]]></failure>
    <system-out><![CDATA[
@flat
Scenario: Opening the flat menu                                                                       &amp#27;[90m# ATcourse/dropdowns.feature:19&amp#27;[0m
  &amp#27;[32mGiven &amp#27;[0m&amp#27;[32mThe site &amp#27;[0m&amp#27;[32m&amp#27;[1m"https://onliner.by"&amp#27;[0m&amp#27;[32m is open&amp#27;[0m                                                         &amp#27;[90m# ATcourse.StepDefinitions.the_site_is_open(java.lang.String)&amp#27;[0m
  &amp#27;[32mWhen &amp#27;[0m&amp#27;[32mThe cursor hovers the flat menu&amp#27;[0m                                                                &amp#27;[90m# ATcourse.StepDefinitions.the_cursor_hovers_the_flat_menu()&amp#27;[0m
  &amp#27;[31mThen &amp#27;[0m&amp#27;[31mThe dropdown menu has appeared that displays categories - cities, number of rooms, price range&amp#27;[0m &amp#27;[90m# ATcourse.StepDefinitions.dropdownFlatMenuTest()&amp#27;[0m
      &amp#27;[31mElement should have text "ÐœÐ¸Ð½Ñ�Ðº" {By.xpath: //span[contains(@class,'navigation__dropdown-advert-sign')]}
Element: '<span class="b-main-navigation__dropdown-advert-sign" displayed:false></span>'
Actual value: text=""
Screenshot: file:/C:/%5BALL%5D/JavaSv/ForGit/ForGithub/Cucumber/build/reports/tests/1674588023021.0.png
Page source: file:/C:/%5BALL%5D/JavaSv/ForGit/ForGithub/Cucumber/build/reports/tests/1674588023021.0.html
Timeout: 4 s.
	at com.codeborne.selenide.impl.WebElementSource.handleError(WebElementSource.java:146)
	at com.codeborne.selenide.impl.WebElementSource.checkConditionAndReturnElement(WebElementSource.java:124)
	at com.codeborne.selenide.impl.WebElementSource.checkCondition(WebElementSource.java:101)
	at com.codeborne.selenide.commands.Should.execute(Should.java:30)
	at com.codeborne.selenide.commands.Should.execute(Should.java:14)
	at com.codeborne.selenide.commands.Commands.execute(Commands.java:159)
	at com.codeborne.selenide.impl.SelenideElementProxy.dispatchAndRetry(SelenideElementProxy.java:131)
	at com.codeborne.selenide.impl.SelenideElementProxy.invoke(SelenideElementProxy.java:83)
	at com.sun.proxy.$Proxy18.shouldHave(Unknown Source)
	at ATcourse.pages.DropDownMenu.menuDisplayed(DropDownMenu.java:15)
	at ATcourse.StepDefinitions.dropdownFlatMenuTest(StepDefinitions.java:44)
	at âœ½.The dropdown menu has appeared that displays categories - cities, number of rooms, price range(classpath:ATcourse/dropdowns.feature:15)
&amp#27;[0m
]]></system-out>
  </testcase>
  <testcase name="Opening the flat menu #2" classname="Testing the dropdowns for auto and flat" time="7.494">
    <failure message="Element should have text &quot;Минск&quot; {By.xpath: //span[contains(@class,&apos;navigation__dropdown-advert-sign&apos;)]}&#10;Element: &apos;&lt;span class=&quot;b-main-navigation__dropdown-advert-sign&quot; displayed:false&gt;&lt;/span&gt;&apos;&#10;Actual value: text=&quot;&quot;&#10;Screenshot: file:/C:/%5BALL%5D/JavaSv/ForGit/ForGithub/Cucumber/build/reports/tests/1674588030703.1.png&#10;Page source: file:/C:/%5BALL%5D/JavaSv/ForGit/ForGithub/Cucumber/build/reports/tests/1674588030703.1.html&#10;Timeout: 4 s." type="com.codeborne.selenide.ex.ElementShould"><![CDATA[com.codeborne.selenide.ex.ElementShould: 
Element should have text "Минск" {By.xpath: //span[contains(@class,'navigation__dropdown-advert-sign')]}
Element: '<span class="b-main-navigation__dropdown-advert-sign" displayed:false></span>'
Actual value: text=""
Screenshot: file:/C:/%5BALL%5D/JavaSv/ForGit/ForGithub/Cucumber/build/reports/tests/1674588030703.1.png
Page source: file:/C:/%5BALL%5D/JavaSv/ForGit/ForGithub/Cucumber/build/reports/tests/1674588030703.1.html
Timeout: 4 s.
]]></failure>
    <system-out><![CDATA[
@flat
Scenario: Opening the flat menu                                                                       &amp#27;[90m# ATcourse/dropdowns.feature:20&amp#27;[0m
  &amp#27;[32mGiven &amp#27;[0m&amp#27;[32mThe site &amp#27;[0m&amp#27;[32m&amp#27;[1m"https://onliner.by"&amp#27;[0m&amp#27;[32m is open&amp#27;[0m                                                         &amp#27;[90m# ATcourse.StepDefinitions.the_site_is_open(java.lang.String)&amp#27;[0m
  &amp#27;[32mWhen &amp#27;[0m&amp#27;[32mThe cursor hovers the flat menu&amp#27;[0m                                                                &amp#27;[90m# ATcourse.StepDefinitions.the_cursor_hovers_the_flat_menu()&amp#27;[0m
  &amp#27;[31mThen &amp#27;[0m&amp#27;[31mThe dropdown menu has appeared that displays categories - cities, number of rooms, price range&amp#27;[0m &amp#27;[90m# ATcourse.StepDefinitions.dropdownFlatMenuTest()&amp#27;[0m
      &amp#27;[31mElement should have text "ÐœÐ¸Ð½Ñ�Ðº" {By.xpath: //span[contains(@class,'navigation__dropdown-advert-sign')]}
Element: '<span class="b-main-navigation__dropdown-advert-sign" displayed:false></span>'
Actual value: text=""
Screenshot: file:/C:/%5BALL%5D/JavaSv/ForGit/ForGithub/Cucumber/build/reports/tests/1674588030703.1.png
Page source: file:/C:/%5BALL%5D/JavaSv/ForGit/ForGithub/Cucumber/build/reports/tests/1674588030703.1.html
Timeout: 4 s.
	at com.codeborne.selenide.impl.WebElementSource.handleError(WebElementSource.java:146)
	at com.codeborne.selenide.impl.WebElementSource.checkConditionAndReturnElement(WebElementSource.java:124)
	at com.codeborne.selenide.impl.WebElementSource.checkCondition(WebElementSource.java:101)
	at com.codeborne.selenide.commands.Should.execute(Should.java:30)
	at com.codeborne.selenide.commands.Should.execute(Should.java:14)
	at com.codeborne.selenide.commands.Commands.execute(Commands.java:159)
	at com.codeborne.selenide.impl.SelenideElementProxy.dispatchAndRetry(SelenideElementProxy.java:131)
	at com.codeborne.selenide.impl.SelenideElementProxy.invoke(SelenideElementProxy.java:83)
	at com.sun.proxy.$Proxy18.shouldHave(Unknown Source)
	at ATcourse.pages.DropDownMenu.menuDisplayed(DropDownMenu.java:15)
	at ATcourse.StepDefinitions.dropdownFlatMenuTest(StepDefinitions.java:44)
	at âœ½.The dropdown menu has appeared that displays categories - cities, number of rooms, price range(classpath:ATcourse/dropdowns.feature:15)
&amp#27;[0m
]]></system-out>
  </testcase>
  <testcase name="Opening the flat menu #3" classname="Testing the dropdowns for auto and flat" time="8.436">
    <failure message="Element should have text &quot;Минск&quot; {By.xpath: //span[contains(@class,&apos;navigation__dropdown-advert-sign&apos;)]}&#10;Element: &apos;&lt;span class=&quot;b-main-navigation__dropdown-advert-sign&quot; displayed:false&gt;&lt;/span&gt;&apos;&#10;Actual value: text=&quot;&quot;&#10;Screenshot: file:/C:/%5BALL%5D/JavaSv/ForGit/ForGithub/Cucumber/build/reports/tests/1674588039254.2.png&#10;Page source: file:/C:/%5BALL%5D/JavaSv/ForGit/ForGithub/Cucumber/build/reports/tests/1674588039254.2.html&#10;Timeout: 4 s." type="com.codeborne.selenide.ex.ElementShould"><![CDATA[com.codeborne.selenide.ex.ElementShould: 
Element should have text "Минск" {By.xpath: //span[contains(@class,'navigation__dropdown-advert-sign')]}
Element: '<span class="b-main-navigation__dropdown-advert-sign" displayed:false></span>'
Actual value: text=""
Screenshot: file:/C:/%5BALL%5D/JavaSv/ForGit/ForGithub/Cucumber/build/reports/tests/1674588039254.2.png
Page source: file:/C:/%5BALL%5D/JavaSv/ForGit/ForGithub/Cucumber/build/reports/tests/1674588039254.2.html
Timeout: 4 s.
]]></failure>
    <system-out><![CDATA[
@flat
Scenario: Opening the flat menu                                                                       &amp#27;[90m# ATcourse/dropdowns.feature:21&amp#27;[0m
  &amp#27;[32mGiven &amp#27;[0m&amp#27;[32mThe site &amp#27;[0m&amp#27;[32m&amp#27;[1m"https://onliner.by"&amp#27;[0m&amp#27;[32m is open&amp#27;[0m                                                         &amp#27;[90m# ATcourse.StepDefinitions.the_site_is_open(java.lang.String)&amp#27;[0m
  &amp#27;[32mWhen &amp#27;[0m&amp#27;[32mThe cursor hovers the flat menu&amp#27;[0m                                                                &amp#27;[90m# ATcourse.StepDefinitions.the_cursor_hovers_the_flat_menu()&amp#27;[0m
  &amp#27;[31mThen &amp#27;[0m&amp#27;[31mThe dropdown menu has appeared that displays categories - cities, number of rooms, price range&amp#27;[0m &amp#27;[90m# ATcourse.StepDefinitions.dropdownFlatMenuTest()&amp#27;[0m
      &amp#27;[31mElement should have text "ÐœÐ¸Ð½Ñ�Ðº" {By.xpath: //span[contains(@class,'navigation__dropdown-advert-sign')]}
Element: '<span class="b-main-navigation__dropdown-advert-sign" displayed:false></span>'
Actual value: text=""
Screenshot: file:/C:/%5BALL%5D/JavaSv/ForGit/ForGithub/Cucumber/build/reports/tests/1674588039254.2.png
Page source: file:/C:/%5BALL%5D/JavaSv/ForGit/ForGithub/Cucumber/build/reports/tests/1674588039254.2.html
Timeout: 4 s.
	at com.codeborne.selenide.impl.WebElementSource.handleError(WebElementSource.java:146)
	at com.codeborne.selenide.impl.WebElementSource.checkConditionAndReturnElement(WebElementSource.java:124)
	at com.codeborne.selenide.impl.WebElementSource.checkCondition(WebElementSource.java:101)
	at com.codeborne.selenide.commands.Should.execute(Should.java:30)
	at com.codeborne.selenide.commands.Should.execute(Should.java:14)
	at com.codeborne.selenide.commands.Commands.execute(Commands.java:159)
	at com.codeborne.selenide.impl.SelenideElementProxy.dispatchAndRetry(SelenideElementProxy.java:131)
	at com.codeborne.selenide.impl.SelenideElementProxy.invoke(SelenideElementProxy.java:83)
	at com.sun.proxy.$Proxy18.shouldHave(Unknown Source)
	at ATcourse.pages.DropDownMenu.menuDisplayed(DropDownMenu.java:15)
	at ATcourse.StepDefinitions.dropdownFlatMenuTest(StepDefinitions.java:44)
	at âœ½.The dropdown menu has appeared that displays categories - cities, number of rooms, price range(classpath:ATcourse/dropdowns.feature:15)
&amp#27;[0m
]]></system-out>
  </testcase>
  <testcase name="Opening the flat menu #4" classname="Testing the dropdowns for auto and flat" time="8.005">
    <failure message="Element should have text &quot;Минск&quot; {By.xpath: //span[contains(@class,&apos;navigation__dropdown-advert-sign&apos;)]}&#10;Element: &apos;&lt;span class=&quot;b-main-navigation__dropdown-advert-sign&quot; displayed:false&gt;&lt;/span&gt;&apos;&#10;Actual value: text=&quot;&quot;&#10;Screenshot: file:/C:/%5BALL%5D/JavaSv/ForGit/ForGithub/Cucumber/build/reports/tests/1674588047260.3.png&#10;Page source: file:/C:/%5BALL%5D/JavaSv/ForGit/ForGithub/Cucumber/build/reports/tests/1674588047260.3.html&#10;Timeout: 4 s." type="com.codeborne.selenide.ex.ElementShould"><![CDATA[com.codeborne.selenide.ex.ElementShould: 
Element should have text "Минск" {By.xpath: //span[contains(@class,'navigation__dropdown-advert-sign')]}
Element: '<span class="b-main-navigation__dropdown-advert-sign" displayed:false></span>'
Actual value: text=""
Screenshot: file:/C:/%5BALL%5D/JavaSv/ForGit/ForGithub/Cucumber/build/reports/tests/1674588047260.3.png
Page source: file:/C:/%5BALL%5D/JavaSv/ForGit/ForGithub/Cucumber/build/reports/tests/1674588047260.3.html
Timeout: 4 s.
]]></failure>
    <system-out><![CDATA[
@flat
Scenario: Opening the flat menu                                                                       &amp#27;[90m# ATcourse/dropdowns.feature:22&amp#27;[0m
  &amp#27;[32mGiven &amp#27;[0m&amp#27;[32mThe site &amp#27;[0m&amp#27;[32m&amp#27;[1m"https://onliner.by"&amp#27;[0m&amp#27;[32m is open&amp#27;[0m                                                         &amp#27;[90m# ATcourse.StepDefinitions.the_site_is_open(java.lang.String)&amp#27;[0m
  &amp#27;[32mWhen &amp#27;[0m&amp#27;[32mThe cursor hovers the flat menu&amp#27;[0m                                                                &amp#27;[90m# ATcourse.StepDefinitions.the_cursor_hovers_the_flat_menu()&amp#27;[0m
  &amp#27;[31mThen &amp#27;[0m&amp#27;[31mThe dropdown menu has appeared that displays categories - cities, number of rooms, price range&amp#27;[0m &amp#27;[90m# ATcourse.StepDefinitions.dropdownFlatMenuTest()&amp#27;[0m
      &amp#27;[31mElement should have text "ÐœÐ¸Ð½Ñ�Ðº" {By.xpath: //span[contains(@class,'navigation__dropdown-advert-sign')]}
Element: '<span class="b-main-navigation__dropdown-advert-sign" displayed:false></span>'
Actual value: text=""
Screenshot: file:/C:/%5BALL%5D/JavaSv/ForGit/ForGithub/Cucumber/build/reports/tests/1674588047260.3.png
Page source: file:/C:/%5BALL%5D/JavaSv/ForGit/ForGithub/Cucumber/build/reports/tests/1674588047260.3.html
Timeout: 4 s.
	at com.codeborne.selenide.impl.WebElementSource.handleError(WebElementSource.java:146)
	at com.codeborne.selenide.impl.WebElementSource.checkConditionAndReturnElement(WebElementSource.java:124)
	at com.codeborne.selenide.impl.WebElementSource.checkCondition(WebElementSource.java:101)
	at com.codeborne.selenide.commands.Should.execute(Should.java:30)
	at com.codeborne.selenide.commands.Should.execute(Should.java:14)
	at com.codeborne.selenide.commands.Commands.execute(Commands.java:159)
	at com.codeborne.selenide.impl.SelenideElementProxy.dispatchAndRetry(SelenideElementProxy.java:131)
	at com.codeborne.selenide.impl.SelenideElementProxy.invoke(SelenideElementProxy.java:83)
	at com.sun.proxy.$Proxy18.shouldHave(Unknown Source)
	at ATcourse.pages.DropDownMenu.menuDisplayed(DropDownMenu.java:15)
	at ATcourse.StepDefinitions.dropdownFlatMenuTest(StepDefinitions.java:44)
	at âœ½.The dropdown menu has appeared that displays categories - cities, number of rooms, price range(classpath:ATcourse/dropdowns.feature:15)
&amp#27;[0m
]]></system-out>
  </testcase>
  <testcase name="Opening the flat menu #5" classname="Testing the dropdowns for auto and flat" time="7.8">
    <failure message="Element should have text &quot;Минск&quot; {By.xpath: //span[contains(@class,&apos;navigation__dropdown-advert-sign&apos;)]}&#10;Element: &apos;&lt;span class=&quot;b-main-navigation__dropdown-advert-sign&quot; displayed:false&gt;&lt;/span&gt;&apos;&#10;Actual value: text=&quot;&quot;&#10;Screenshot: file:/C:/%5BALL%5D/JavaSv/ForGit/ForGithub/Cucumber/build/reports/tests/1674588055023.4.png&#10;Page source: file:/C:/%5BALL%5D/JavaSv/ForGit/ForGithub/Cucumber/build/reports/tests/1674588055023.4.html&#10;Timeout: 4 s." type="com.codeborne.selenide.ex.ElementShould"><![CDATA[com.codeborne.selenide.ex.ElementShould: 
Element should have text "Минск" {By.xpath: //span[contains(@class,'navigation__dropdown-advert-sign')]}
Element: '<span class="b-main-navigation__dropdown-advert-sign" displayed:false></span>'
Actual value: text=""
Screenshot: file:/C:/%5BALL%5D/JavaSv/ForGit/ForGithub/Cucumber/build/reports/tests/1674588055023.4.png
Page source: file:/C:/%5BALL%5D/JavaSv/ForGit/ForGithub/Cucumber/build/reports/tests/1674588055023.4.html
Timeout: 4 s.
]]></failure>
    <system-out><![CDATA[
@flat
Scenario: Opening the flat menu                                                                       &amp#27;[90m# ATcourse/dropdowns.feature:23&amp#27;[0m
  &amp#27;[32mGiven &amp#27;[0m&amp#27;[32mThe site &amp#27;[0m&amp#27;[32m&amp#27;[1m"https://onliner.by"&amp#27;[0m&amp#27;[32m is open&amp#27;[0m                                                         &amp#27;[90m# ATcourse.StepDefinitions.the_site_is_open(java.lang.String)&amp#27;[0m
  &amp#27;[32mWhen &amp#27;[0m&amp#27;[32mThe cursor hovers the flat menu&amp#27;[0m                                                                &amp#27;[90m# ATcourse.StepDefinitions.the_cursor_hovers_the_flat_menu()&amp#27;[0m
  &amp#27;[31mThen &amp#27;[0m&amp#27;[31mThe dropdown menu has appeared that displays categories - cities, number of rooms, price range&amp#27;[0m &amp#27;[90m# ATcourse.StepDefinitions.dropdownFlatMenuTest()&amp#27;[0m
      &amp#27;[31mElement should have text "ÐœÐ¸Ð½Ñ�Ðº" {By.xpath: //span[contains(@class,'navigation__dropdown-advert-sign')]}
Element: '<span class="b-main-navigation__dropdown-advert-sign" displayed:false></span>'
Actual value: text=""
Screenshot: file:/C:/%5BALL%5D/JavaSv/ForGit/ForGithub/Cucumber/build/reports/tests/1674588055023.4.png
Page source: file:/C:/%5BALL%5D/JavaSv/ForGit/ForGithub/Cucumber/build/reports/tests/1674588055023.4.html
Timeout: 4 s.
	at com.codeborne.selenide.impl.WebElementSource.handleError(WebElementSource.java:146)
	at com.codeborne.selenide.impl.WebElementSource.checkConditionAndReturnElement(WebElementSource.java:124)
	at com.codeborne.selenide.impl.WebElementSource.checkCondition(WebElementSource.java:101)
	at com.codeborne.selenide.commands.Should.execute(Should.java:30)
	at com.codeborne.selenide.commands.Should.execute(Should.java:14)
	at com.codeborne.selenide.commands.Commands.execute(Commands.java:159)
	at com.codeborne.selenide.impl.SelenideElementProxy.dispatchAndRetry(SelenideElementProxy.java:131)
	at com.codeborne.selenide.impl.SelenideElementProxy.invoke(SelenideElementProxy.java:83)
	at com.sun.proxy.$Proxy18.shouldHave(Unknown Source)
	at ATcourse.pages.DropDownMenu.menuDisplayed(DropDownMenu.java:15)
	at ATcourse.StepDefinitions.dropdownFlatMenuTest(StepDefinitions.java:44)
	at âœ½.The dropdown menu has appeared that displays categories - cities, number of rooms, price range(classpath:ATcourse/dropdowns.feature:15)
&amp#27;[0m
]]></system-out>
  </testcase>
  <testcase name="Opening the flat menu #6" classname="Testing the dropdowns for auto and flat" time="7.328">
    <failure message="Element should have text &quot;Минск&quot; {By.xpath: //span[contains(@class,&apos;navigation__dropdown-advert-sign&apos;)]}&#10;Element: &apos;&lt;span class=&quot;b-main-navigation__dropdown-advert-sign&quot; displayed:false&gt;&lt;/span&gt;&apos;&#10;Actual value: text=&quot;&quot;&#10;Screenshot: file:/C:/%5BALL%5D/JavaSv/ForGit/ForGithub/Cucumber/build/reports/tests/1674588062418.5.png&#10;Page source: file:/C:/%5BALL%5D/JavaSv/ForGit/ForGithub/Cucumber/build/reports/tests/1674588062418.5.html&#10;Timeout: 4 s." type="com.codeborne.selenide.ex.ElementShould"><![CDATA[com.codeborne.selenide.ex.ElementShould: 
Element should have text "Минск" {By.xpath: //span[contains(@class,'navigation__dropdown-advert-sign')]}
Element: '<span class="b-main-navigation__dropdown-advert-sign" displayed:false></span>'
Actual value: text=""
Screenshot: file:/C:/%5BALL%5D/JavaSv/ForGit/ForGithub/Cucumber/build/reports/tests/1674588062418.5.png
Page source: file:/C:/%5BALL%5D/JavaSv/ForGit/ForGithub/Cucumber/build/reports/tests/1674588062418.5.html
Timeout: 4 s.
]]></failure>
    <system-out><![CDATA[
@flat
Scenario: Opening the flat menu                                                                       &amp#27;[90m# ATcourse/dropdowns.feature:24&amp#27;[0m
  &amp#27;[32mGiven &amp#27;[0m&amp#27;[32mThe site &amp#27;[0m&amp#27;[32m&amp#27;[1m"https://onliner.by"&amp#27;[0m&amp#27;[32m is open&amp#27;[0m                                                         &amp#27;[90m# ATcourse.StepDefinitions.the_site_is_open(java.lang.String)&amp#27;[0m
  &amp#27;[32mWhen &amp#27;[0m&amp#27;[32mThe cursor hovers the flat menu&amp#27;[0m                                                                &amp#27;[90m# ATcourse.StepDefinitions.the_cursor_hovers_the_flat_menu()&amp#27;[0m
  &amp#27;[31mThen &amp#27;[0m&amp#27;[31mThe dropdown menu has appeared that displays categories - cities, number of rooms, price range&amp#27;[0m &amp#27;[90m# ATcourse.StepDefinitions.dropdownFlatMenuTest()&amp#27;[0m
      &amp#27;[31mElement should have text "ÐœÐ¸Ð½Ñ�Ðº" {By.xpath: //span[contains(@class,'navigation__dropdown-advert-sign')]}
Element: '<span class="b-main-navigation__dropdown-advert-sign" displayed:false></span>'
Actual value: text=""
Screenshot: file:/C:/%5BALL%5D/JavaSv/ForGit/ForGithub/Cucumber/build/reports/tests/1674588062418.5.png
Page source: file:/C:/%5BALL%5D/JavaSv/ForGit/ForGithub/Cucumber/build/reports/tests/1674588062418.5.html
Timeout: 4 s.
	at com.codeborne.selenide.impl.WebElementSource.handleError(WebElementSource.java:146)
	at com.codeborne.selenide.impl.WebElementSource.checkConditionAndReturnElement(WebElementSource.java:124)
	at com.codeborne.selenide.impl.WebElementSource.checkCondition(WebElementSource.java:101)
	at com.codeborne.selenide.commands.Should.execute(Should.java:30)
	at com.codeborne.selenide.commands.Should.execute(Should.java:14)
	at com.codeborne.selenide.commands.Commands.execute(Commands.java:159)
	at com.codeborne.selenide.impl.SelenideElementProxy.dispatchAndRetry(SelenideElementProxy.java:131)
	at com.codeborne.selenide.impl.SelenideElementProxy.invoke(SelenideElementProxy.java:83)
	at com.sun.proxy.$Proxy18.shouldHave(Unknown Source)
	at ATcourse.pages.DropDownMenu.menuDisplayed(DropDownMenu.java:15)
	at ATcourse.StepDefinitions.dropdownFlatMenuTest(StepDefinitions.java:44)
	at âœ½.The dropdown menu has appeared that displays categories - cities, number of rooms, price range(classpath:ATcourse/dropdowns.feature:15)
&amp#27;[0m
]]></system-out>
  </testcase>
</testsuite>